<?xml version="1.0" encoding="UTF-8" ?>
<testsuite tests="5" failures="3" name="TestSuite" time="70.383" errors="0" skipped="0">
  <properties>
[...]
</properties>
  <testcase classname="TestPackage.assertTest" name="hardAssert" time="39.744"/>
  <testcase classname="TestPackage.assertTest" name="softAssert" time="30.624"/>
  <testcase classname="TestPackage.TestGuru99MultipleSession" name="executSessionOne" time="0">
    <failure message="The driver executable does not exist: C:\Users\varuny\eclipse-workspace\Exceldriven\chromedriver.exe" type="java.lang.IllegalStateException">java.lang.IllegalStateException: The driver executable does not exist: C:\Users\varuny\eclipse-workspace\Exceldriven\chromedriver.exe
	at com.google.common.base.Preconditions.checkState(Preconditions.java:585)
	at org.openqa.selenium.remote.service.DriverService.checkExecutable(DriverService.java:146)
	at org.openqa.selenium.remote.service.DriverService.findExecutable(DriverService.java:141)
	at org.openqa.selenium.chrome.ChromeDriverService.access$000(ChromeDriverService.java:35)
	at org.openqa.selenium.chrome.ChromeDriverService$Builder.findDefaultExecutable(ChromeDriverService.java:159)
	at org.openqa.selenium.remote.service.DriverService$Builder.build(DriverService.java:355)
	at org.openqa.selenium.chrome.ChromeDriverService.createDefaultService(ChromeDriverService.java:94)
	at org.openqa.selenium.chrome.ChromeDriver.&lt;init&gt;(ChromeDriver.java:123)
	at TestPackage.TestGuru99MultipleSession.executSessionOne(TestGuru99MultipleSession.java:12)
</failure>
  </testcase>
  <testcase classname="TestPackage.TestGuru99MultipleSession" name="executSessionThree" time="0">
    <failure message="The driver executable does not exist: C:\Users\varuny\eclipse-workspace\Exceldriven\chromedriver.exe" type="java.lang.IllegalStateException">java.lang.IllegalStateException: The driver executable does not exist: C:\Users\varuny\eclipse-workspace\Exceldriven\chromedriver.exe
	at com.google.common.base.Preconditions.checkState(Preconditions.java:585)
	at org.openqa.selenium.remote.service.DriverService.checkExecutable(DriverService.java:146)
	at org.openqa.selenium.remote.service.DriverService.findExecutable(DriverService.java:141)
	at org.openqa.selenium.chrome.ChromeDriverService.access$000(ChromeDriverService.java:35)
	at org.openqa.selenium.chrome.ChromeDriverService$Builder.findDefaultExecutable(ChromeDriverService.java:159)
	at org.openqa.selenium.remote.service.DriverService$Builder.build(DriverService.java:355)
	at org.openqa.selenium.chrome.ChromeDriverService.createDefaultService(ChromeDriverService.java:94)
	at org.openqa.selenium.chrome.ChromeDriver.&lt;init&gt;(ChromeDriver.java:123)
	at TestPackage.TestGuru99MultipleSession.executSessionThree(TestGuru99MultipleSession.java:36)
</failure>
  </testcase>
  <testcase classname="TestPackage.TestGuru99MultipleSession" name="executeSessionTwo" time="0.015">
    <failure message="The driver executable does not exist: C:\Users\varuny\eclipse-workspace\Exceldriven\chromedriver.exe" type="java.lang.IllegalStateException">java.lang.IllegalStateException: The driver executable does not exist: C:\Users\varuny\eclipse-workspace\Exceldriven\chromedriver.exe
	at com.google.common.base.Preconditions.checkState(Preconditions.java:585)
	at org.openqa.selenium.remote.service.DriverService.checkExecutable(DriverService.java:146)
	at org.openqa.selenium.remote.service.DriverService.findExecutable(DriverService.java:141)
	at org.openqa.selenium.chrome.ChromeDriverService.access$000(ChromeDriverService.java:35)
	at org.openqa.selenium.chrome.ChromeDriverService$Builder.findDefaultExecutable(ChromeDriverService.java:159)
	at org.openqa.selenium.remote.service.DriverService$Builder.build(DriverService.java:355)
	at org.openqa.selenium.chrome.ChromeDriverService.createDefaultService(ChromeDriverService.java:94)
	at org.openqa.selenium.chrome.ChromeDriver.&lt;init&gt;(ChromeDriver.java:123)
	at TestPackage.TestGuru99MultipleSession.executeSessionTwo(TestGuru99MultipleSession.java:24)
</failure>
  </testcase>
</testsuite>