<?xml version="1.0" encoding="UTF-8"?>
<testng-results ignored="0" total="2" passed="2" failed="0" skipped="0">
  <reporter-output>
  </reporter-output>
  <suite started-at="2020-10-12T02:25:45 IST" name="Default suite" finished-at="2020-10-12T02:25:58 IST" duration-ms="13434">
    <groups>
    </groups>
    <test started-at="2020-10-12T02:25:45 IST" name="Default test" finished-at="2020-10-12T02:25:58 IST" duration-ms="13434">
      <class name="TestPackage.assertTest">
        <test-method signature="hardAssert()[pri:0, instance:TestPackage.assertTest@65d6b83b]" started-at="2020-10-12T02:25:45 IST" name="hardAssert" finished-at="2020-10-12T02:25:50 IST" duration-ms="5006" status="PASS">
          <reporter-output>
          </reporter-output>
        </test-method> <!-- hardAssert -->
        <test-method signature="softAssert()[pri:0, instance:TestPackage.assertTest@65d6b83b]" started-at="2020-10-12T02:25:50 IST" name="softAssert" finished-at="2020-10-12T02:25:58 IST" duration-ms="8368" status="PASS">
          <reporter-output>
          </reporter-output>
        </test-method> <!-- softAssert -->
      </class> <!-- TestPackage.assertTest -->
    </test> <!-- Default test -->
  </suite> <!-- Default suite -->
</testng-results>
